{"message":"error message test","level":"error","service":"user-service"}
{"message":"info message test","level":"info","service":"user-service"}
{"message":"error message test","level":"error","service":"user-service"}
{"message":"info message test","level":"info","service":"user-service"}
{"level":"error","service":"user-service"}
{"message":"Trying to connect to mongodb database","level":"info","service":"user-service"}
{"service":"user-service","level":"info","message":"Listening on port: "}
{"message":{"course":"Cpsc 320","owner":"5dae5f05c25333004b95043d","question":"Write down all the trivial instances of SMP. We think of an instance as 'trivial' roughly if its solution requires no real reasoning about the problem","title":"sggsgs","topic":"sggshhx"},"level":"info","service":"user-service"}
{"message":{"user":"5dae5f05c25333004b95043d","iat":1573431655,"exp":1573518055},"level":"info","service":"user-service"}
{"message":"------------------------------------------","level":"info","service":"user-service"}
{"message":"Passed JWT Authentication","level":"info","service":"user-service"}
{"message":"User ID: 5dae5f05c25333004b95043d","level":"info","service":"user-service"}
{"message":"User Questions Length: 17","level":"info","service":"user-service"}
{"message":{"facebook":{"id":"1034481510224583","email":"soroushamirizadeh@gmail.com"},"rating":0,"courses":[],"answers":[],"postedQuestions":[],"groups":[],"_id":"5dae5f05c25333004b95043d","email":"soroushamirizadeh@gmail.com","method":"facebook","userName":"soroushamirizadeh@gmail.com","__v":0},"level":"info","service":"user-service"}
{"message":"error message test","level":"error","service":"user-service"}
{"message":"info message test","level":"info","service":"user-service"}
{"level":"error","service":"user-service"}
{"message":"Trying to connect to mongodb database","level":"info","service":"user-service"}
{"service":"user-service","level":"info","message":"Listening on port: "}
{"message":{"course":"Cpsc 320","owner":"5dae5f05c25333004b95043d","question":"Write down all the trivial instances of SMP. We think of an instance as 'trivial' roughly if its solution requires no real reasoning about the problem","title":"sggsgs","topic":"sggshhx"},"level":"info","service":"user-service"}
{"message":{"user":"5dae5f05c25333004b95043d","iat":1573431655,"exp":1573518055},"level":"info","service":"user-service"}
{"message":"------------------------------------------","level":"info","service":"user-service"}
{"message":"Passed JWT Authentication","level":"info","service":"user-service"}
{"message":"User ID: 5dae5f05c25333004b95043d","level":"info","service":"user-service"}
{"message":"User Questions Length: 17","level":"info","service":"user-service"}
{"message":{"facebook":{"id":"1034481510224583","email":"soroushamirizadeh@gmail.com"},"rating":0,"courses":[],"answers":[],"postedQuestions":[],"groups":[],"_id":"5dae5f05c25333004b95043d","email":"soroushamirizadeh@gmail.com","method":"facebook","userName":"soroushamirizadeh@gmail.com","__v":0},"level":"info","service":"user-service"}
{"message":"error message test","level":"error","service":"user-service"}
{"message":"info message test","level":"info","service":"user-service"}
{"level":"error","service":"user-service"}
{"message":"Trying to connect to mongodb database","level":"info","service":"user-service"}
{"service":"user-service","level":"info","message":"Listening on port: "}
{"message":{"course":"Cpsc 320","owner":"5dae5f05c25333004b95043d","question":"Write down all the trivial instances of SMP. We think of an instance as 'trivial' roughly if its solution requires no real reasoning about the problem","title":"sggsgs","topic":"sggshhx"},"level":"info","service":"user-service"}
{"message":{"user":"5dae5f05c25333004b95043d","iat":1573431655,"exp":1573518055},"level":"info","service":"user-service"}
{"message":"------------------------------------------","level":"info","service":"user-service"}
{"message":"Passed JWT Authentication","level":"info","service":"user-service"}
{"message":"User ID: 5dae5f05c25333004b95043d","level":"info","service":"user-service"}
{"message":"User Questions Length: 17","level":"info","service":"user-service"}
{"message":[{"keywords":[],"answers":[],"rate":0,"_id":"5daf8b290e2c50005cc318df","title":"sggsgs","question":"Write down all thetrivialinstances of SMP. We think of an instance as 'trivial' roughly if its solutionrequires no real reasoning about the problem","date":"2019-10-22T23:05:13.959Z","owner":"5dae5f05c25333004b95043d","course":"cpsc 320","__v":0},{"keywords":[],"answers":[],"rate":0,"_id":"5daf8c910e2c50005cc318e0","title":"sggsgs","question":"For each of the following impulse responses, determine the Laplace transform as well as the region of convergence, if the system is causal, anti-causal or non-causal, and if it is BIBO stable or not. Use s to represent σ. h0(t)=9e−9tu(t)+12e3tu(t), h1(t)=−6e−6tu(−t)−19e7tu(−t), h2(t)=17e−3tu(t)−17e9tu(−t)","date":"2019-10-22T23:11:13.506Z","owner":"5dae5f05c25333004b95043d","course":"elec 221","__v":0},{"keywords":[],"answers":[],"rate":0,"_id":"5daf8d120e2c50005cc318e1","title":"sggsgs","question":"A system is represented by the ordinary differential equation 8d2y(t)dt2+4dy(t)dt+6y(t)=x(t) where x(t) is the input and y(t) is the output. a) Find the transfer function of the system, H(s)=Y(s)X(s).","date":"2019-10-22T23:13:22.178Z","owner":"5dae5f05c25333004b95043d","course":"elec221","__v":0},{"keywords":[],"answers":[],"rate":0,"_id":"5daf8d410e2c50005cc318e2","title":"sggsgs","question":"Given the input singal x(t)=u(t), the Laplace transform of the output, y(t), of a continuous-time system is Y(s)=30s2+56s+8s(5s2+6s+8). a) Find the ordinary differential equation that describes this system as well as the corresponding initial conditions, y(0) and dy(0)dt given that the numerator of transfer function has order zero.","date":"2019-10-22T23:14:09.868Z","owner":"5dae5f05c25333004b95043d","course":"elec221","__v":0},{"keywords":[],"answers":[],"rate":0,"_id":"5daf8d6e0e2c50005cc318e3","title":"sggsgs","question":"Given the input singal x(t)=u(t), the Laplace transform of the output, y(t), of a continuous-time system is Y(s)=30s2+56s+8s(5s2+6s+8). a) Find the ordinary differential equation that describes this system as well as the corresponding initial conditions, y(0) and dy(0)dt given that the numerator of transfer function has order zero.","date":"2019-10-22T23:14:54.103Z","owner":"5dae5f05c25333004b95043d","course":"elec221","__v":0},{"keywords":[],"answers":[],"rate":0,"_id":"5daf8d8d0e2c50005cc318e4","title":"sggsgs","question":"In a continuous-time system, the laplace transform of the input X(s) and the output Y(s) are related by Y(s)=(s−1)X(s)+3(s+2)2+1. a) If x(t)=u(t), find the zero-state response of the system, yzs(t).","date":"2019-10-22T23:15:25.193Z","owner":"5dae5f05c25333004b95043d","course":"elec221","__v":0},{"keywords":[],"answers":[],"rate":0,"_id":"5daf8e070e2c50005cc318e5","title":"sggsgs","question":"Given that the Laplace transform of the output is Y(s)=(s+4)(1−e−5s)2s(s+2)2, a) Find the transfer function of the system and the region of convergence for σ=Re(s).","date":"2019-10-22T23:17:27.307Z","owner":"5dae5f05c25333004b95043d","course":"elec221","__v":0},{"keywords":[],"answers":[],"rate":0,"_id":"5daf910a0e2c50005cc318e7","title":"Josh","question":"Calculate the reliability (to three decimal places) of the system described in the following figure. The probabilities of failure for each component is given. Note that the components work independently of one another.","date":"2019-10-22T23:30:18.275Z","owner":"5dae5f05c25333004b95043d","course":"stats 251","__v":0},{"keywords":[],"answers":[],"rate":0,"_id":"5daf912d0e2c50005cc318e9","title":"Josh","question":"Events A and B are mutually exclusive. P(A)=0.4 and P(B)=0.4. Find P(A∪B) to one decimal place.","date":"2019-10-22T23:30:53.125Z","owner":"5dae5f05c25333004b95043d","course":"stats 251","__v":0},{"keywords":[],"answers":[],"rate":0,"_id":"5daf91430e2c50005cc318eb","title":"Josh","question":" Events A and B are independent. P(A)=0.5 and P(B)=0.2. Find P(A∪B) to two decimal places.","date":"2019-10-22T23:31:15.485Z","owner":"5dae5f05c25333004b95043d","course":"stats 251","__v":0},{"keywords":[],"answers":[],"rate":0,"_id":"5daf91500e2c50005cc318ec","title":"Josh","question":"Items in your inventory are produced at three different plants: 50% from plant A1, 30% from plant A2 and 20% from plant A3. You are aware that your plants produce at different levels of quality: A1 produces 5 percent defectives, A2 produces 7 percent defectives and A3 yields 8 percent defectives. You randomly select an item from your inventory and it turns out to be defective. Which plant is the item most likely to have come from?","date":"2019-10-22T23:31:28.410Z","owner":"5dae5f05c25333004b95043d","course":"stats 251","__v":0},{"keywords":[],"answers":[],"rate":0,"_id":"5daf915e0e2c50005cc318ed","title":"Josh","question":"Events A and B are such that P(A)=0.4, P(B)=0.2, and P(A∩B)=0.2. Find P(A|Bc). You should type a fraction.","date":"2019-10-22T23:31:42.222Z","owner":"5dae5f05c25333004b95043d","course":"stats 251","__v":0},{"keywords":["solutionrequires","real reasoning","problem","thetrivialinstances of SMP"],"answers":[],"rate":0,"_id":"5daf9231cabbc70636f96b55","title":"sggsgs","question":"Write down all thetrivialinstances of SMP. We think of an instance as 'trivial' roughly if its solutionrequires no real reasoning about the problem","date":"2019-10-22T23:35:13.895Z","owner":"5dae5f05c25333004b95043d","course":"Cpsc 320","__v":0},{"keywords":["trivial instances of SMP","real reasoning","solution","problem"],"answers":[],"rate":0,"_id":"5daf97edcabbc70636f96b56","title":"sggsgs","question":"Write down all the trivial instances of SMP. We think of an instance as 'trivial' roughly if its solution requires no real reasoning about the problem","date":"2019-10-22T23:59:41.601Z","owner":"5dae5f05c25333004b95043d","course":"Cpsc 320","__v":0},{"keywords":["trivial instances of SMP","real reasoning","solution","problem"],"answers":[],"rate":0,"_id":"5daf9edef640a300572b5d0e","title":"sggsgs","question":"Write down all the trivial instances of SMP. We think of an instance as 'trivial' roughly if its solution requires no real reasoning about the problem","date":"2019-10-23T00:29:18.448Z","owner":"5dae5f05c25333004b95043d","course":"Cpsc 320","__v":0},{"keywords":["trivial instances of SMP","real reasoning","solution","problem"],"answers":[],"rate":0,"_id":"5dafab5e2ffb2e0057085793","title":"sggsgs","question":"Write down all the trivial instances of SMP. We think of an instance as 'trivial' roughly if its solution requires no real reasoning about the problem","date":"2019-10-23T01:22:38.556Z","owner":"5dae5f05c25333004b95043d","course":"Cpsc 320","__v":0},{"keywords":["dhhs"],"answers":[],"rate":0,"_id":"5dafb0108e93b20057dbacf8","title":"dgge","question":"dhhs","date":"2019-10-23T01:42:40.738Z","owner":"5dae5f05c25333004b95043d","course":"shhs","__v":0}],"level":"info","service":"user-service"}
{"message":{"facebook":{"id":"1034481510224583","email":"soroushamirizadeh@gmail.com"},"rating":0,"courses":[],"answers":[],"postedQuestions":[],"groups":[],"_id":"5dae5f05c25333004b95043d","email":"soroushamirizadeh@gmail.com","method":"facebook","userName":"soroushamirizadeh@gmail.com","__v":0},"level":"info","service":"user-service"}
{"message":"error message test","level":"error","service":"user-service"}
{"message":"info message test","level":"info","service":"user-service"}
{"level":"error","service":"user-service"}
{"message":"Trying to connect to mongodb database","level":"info","service":"user-service"}
{"message":"error message test","level":"error","service":"user-service"}
{"message":"info message test","level":"info","service":"user-service"}
{"level":"error","service":"user-service"}
{"message":"Trying to connect to mongodb database","level":"info","service":"user-service"}
{"service":"user-service","level":"info","message":"Listening on port: "}
{"message":{"course":"Cpsc 320","owner":"5dae5f05c25333004b95043d","question":"Write down all the trivial instances of SMP. We think of an instance as 'trivial' roughly if its solution requires no real reasoning about the problem","title":"sggsgs","topic":"sggshhx"},"level":"info","service":"user-service"}
{"message":{"user":"5dae5f05c25333004b95043d","iat":1573431655,"exp":1573518055},"level":"info","service":"user-service"}
{"message":"------------------------------------------","level":"info","service":"user-service"}
{"message":"Passed JWT Authentication","level":"info","service":"user-service"}
{"message":"User ID: 5dae5f05c25333004b95043d","level":"info","service":"user-service"}
{"message":"User Questions Length: 17","level":"info","service":"user-service"}
{"message":[{"keywords":[],"answers":[],"rate":0,"_id":"5daf8b290e2c50005cc318df","title":"sggsgs","question":"Write down all thetrivialinstances of SMP. We think of an instance as 'trivial' roughly if its solutionrequires no real reasoning about the problem","date":"2019-10-22T23:05:13.959Z","owner":"5dae5f05c25333004b95043d","course":"cpsc 320","__v":0},{"keywords":[],"answers":[],"rate":0,"_id":"5daf8c910e2c50005cc318e0","title":"sggsgs","question":"For each of the following impulse responses, determine the Laplace transform as well as the region of convergence, if the system is causal, anti-causal or non-causal, and if it is BIBO stable or not. Use s to represent σ. h0(t)=9e−9tu(t)+12e3tu(t), h1(t)=−6e−6tu(−t)−19e7tu(−t), h2(t)=17e−3tu(t)−17e9tu(−t)","date":"2019-10-22T23:11:13.506Z","owner":"5dae5f05c25333004b95043d","course":"elec 221","__v":0},{"keywords":[],"answers":[],"rate":0,"_id":"5daf8d120e2c50005cc318e1","title":"sggsgs","question":"A system is represented by the ordinary differential equation 8d2y(t)dt2+4dy(t)dt+6y(t)=x(t) where x(t) is the input and y(t) is the output. a) Find the transfer function of the system, H(s)=Y(s)X(s).","date":"2019-10-22T23:13:22.178Z","owner":"5dae5f05c25333004b95043d","course":"elec221","__v":0},{"keywords":[],"answers":[],"rate":0,"_id":"5daf8d410e2c50005cc318e2","title":"sggsgs","question":"Given the input singal x(t)=u(t), the Laplace transform of the output, y(t), of a continuous-time system is Y(s)=30s2+56s+8s(5s2+6s+8). a) Find the ordinary differential equation that describes this system as well as the corresponding initial conditions, y(0) and dy(0)dt given that the numerator of transfer function has order zero.","date":"2019-10-22T23:14:09.868Z","owner":"5dae5f05c25333004b95043d","course":"elec221","__v":0},{"keywords":[],"answers":[],"rate":0,"_id":"5daf8d6e0e2c50005cc318e3","title":"sggsgs","question":"Given the input singal x(t)=u(t), the Laplace transform of the output, y(t), of a continuous-time system is Y(s)=30s2+56s+8s(5s2+6s+8). a) Find the ordinary differential equation that describes this system as well as the corresponding initial conditions, y(0) and dy(0)dt given that the numerator of transfer function has order zero.","date":"2019-10-22T23:14:54.103Z","owner":"5dae5f05c25333004b95043d","course":"elec221","__v":0},{"keywords":[],"answers":[],"rate":0,"_id":"5daf8d8d0e2c50005cc318e4","title":"sggsgs","question":"In a continuous-time system, the laplace transform of the input X(s) and the output Y(s) are related by Y(s)=(s−1)X(s)+3(s+2)2+1. a) If x(t)=u(t), find the zero-state response of the system, yzs(t).","date":"2019-10-22T23:15:25.193Z","owner":"5dae5f05c25333004b95043d","course":"elec221","__v":0},{"keywords":[],"answers":[],"rate":0,"_id":"5daf8e070e2c50005cc318e5","title":"sggsgs","question":"Given that the Laplace transform of the output is Y(s)=(s+4)(1−e−5s)2s(s+2)2, a) Find the transfer function of the system and the region of convergence for σ=Re(s).","date":"2019-10-22T23:17:27.307Z","owner":"5dae5f05c25333004b95043d","course":"elec221","__v":0},{"keywords":[],"answers":[],"rate":0,"_id":"5daf910a0e2c50005cc318e7","title":"Josh","question":"Calculate the reliability (to three decimal places) of the system described in the following figure. The probabilities of failure for each component is given. Note that the components work independently of one another.","date":"2019-10-22T23:30:18.275Z","owner":"5dae5f05c25333004b95043d","course":"stats 251","__v":0},{"keywords":[],"answers":[],"rate":0,"_id":"5daf912d0e2c50005cc318e9","title":"Josh","question":"Events A and B are mutually exclusive. P(A)=0.4 and P(B)=0.4. Find P(A∪B) to one decimal place.","date":"2019-10-22T23:30:53.125Z","owner":"5dae5f05c25333004b95043d","course":"stats 251","__v":0},{"keywords":[],"answers":[],"rate":0,"_id":"5daf91430e2c50005cc318eb","title":"Josh","question":" Events A and B are independent. P(A)=0.5 and P(B)=0.2. Find P(A∪B) to two decimal places.","date":"2019-10-22T23:31:15.485Z","owner":"5dae5f05c25333004b95043d","course":"stats 251","__v":0},{"keywords":[],"answers":[],"rate":0,"_id":"5daf91500e2c50005cc318ec","title":"Josh","question":"Items in your inventory are produced at three different plants: 50% from plant A1, 30% from plant A2 and 20% from plant A3. You are aware that your plants produce at different levels of quality: A1 produces 5 percent defectives, A2 produces 7 percent defectives and A3 yields 8 percent defectives. You randomly select an item from your inventory and it turns out to be defective. Which plant is the item most likely to have come from?","date":"2019-10-22T23:31:28.410Z","owner":"5dae5f05c25333004b95043d","course":"stats 251","__v":0},{"keywords":[],"answers":[],"rate":0,"_id":"5daf915e0e2c50005cc318ed","title":"Josh","question":"Events A and B are such that P(A)=0.4, P(B)=0.2, and P(A∩B)=0.2. Find P(A|Bc). You should type a fraction.","date":"2019-10-22T23:31:42.222Z","owner":"5dae5f05c25333004b95043d","course":"stats 251","__v":0},{"keywords":["solutionrequires","real reasoning","problem","thetrivialinstances of SMP"],"answers":[],"rate":0,"_id":"5daf9231cabbc70636f96b55","title":"sggsgs","question":"Write down all thetrivialinstances of SMP. We think of an instance as 'trivial' roughly if its solutionrequires no real reasoning about the problem","date":"2019-10-22T23:35:13.895Z","owner":"5dae5f05c25333004b95043d","course":"Cpsc 320","__v":0},{"keywords":["trivial instances of SMP","real reasoning","solution","problem"],"answers":[],"rate":0,"_id":"5daf97edcabbc70636f96b56","title":"sggsgs","question":"Write down all the trivial instances of SMP. We think of an instance as 'trivial' roughly if its solution requires no real reasoning about the problem","date":"2019-10-22T23:59:41.601Z","owner":"5dae5f05c25333004b95043d","course":"Cpsc 320","__v":0},{"keywords":["trivial instances of SMP","real reasoning","solution","problem"],"answers":[],"rate":0,"_id":"5daf9edef640a300572b5d0e","title":"sggsgs","question":"Write down all the trivial instances of SMP. We think of an instance as 'trivial' roughly if its solution requires no real reasoning about the problem","date":"2019-10-23T00:29:18.448Z","owner":"5dae5f05c25333004b95043d","course":"Cpsc 320","__v":0},{"keywords":["trivial instances of SMP","real reasoning","solution","problem"],"answers":[],"rate":0,"_id":"5dafab5e2ffb2e0057085793","title":"sggsgs","question":"Write down all the trivial instances of SMP. We think of an instance as 'trivial' roughly if its solution requires no real reasoning about the problem","date":"2019-10-23T01:22:38.556Z","owner":"5dae5f05c25333004b95043d","course":"Cpsc 320","__v":0},{"keywords":["dhhs"],"answers":[],"rate":0,"_id":"5dafb0108e93b20057dbacf8","title":"dgge","question":"dhhs","date":"2019-10-23T01:42:40.738Z","owner":"5dae5f05c25333004b95043d","course":"shhs","__v":0}],"level":"info","service":"user-service"}
{"message":{"facebook":{"id":"1034481510224583","email":"soroushamirizadeh@gmail.com"},"rating":0,"courses":[],"answers":[],"postedQuestions":[],"groups":[],"_id":"5dae5f05c25333004b95043d","email":"soroushamirizadeh@gmail.com","method":"facebook","userName":"soroushamirizadeh@gmail.com","__v":0},"level":"info","service":"user-service"}
{"message":"error message test","level":"error","service":"user-service"}
{"message":"info message test","level":"info","service":"user-service"}
{"message":"Trying to connect to mongodb database","level":"info","service":"user-service"}
{"service":"user-service","level":"info","message":"Listening on port: "}
{"message":{"course":"Cpsc 320","owner":"5dae5f05c25333004b95043d","question":"Write down all the trivial instances of SMP. We think of an instance as 'trivial' roughly if its solution requires no real reasoning about the problem","title":"sggsgs","topic":"sggshhx"},"level":"info","service":"user-service"}
{"message":{"user":"5dae5f05c25333004b95043d","iat":1573431655,"exp":1573518055},"level":"info","service":"user-service"}
{"message":"------------------------------------------","level":"info","service":"user-service"}
{"message":"Passed JWT Authentication","level":"info","service":"user-service"}
{"message":"User ID: 5dae5f05c25333004b95043d","level":"info","service":"user-service"}
{"message":"User Questions Length: 3","level":"info","service":"user-service"}
{"message":[{"keywords":[],"answers":[],"rate":0,"_id":"5daf8b290e2c50005cc318df","title":"sggsgs","question":"Write down all thetrivialinstances of SMP. We think of an instance as 'trivial' roughly if its solutionrequires no real reasoning about the problem","date":"2019-10-22T23:05:13.959Z","owner":"5dae5f05c25333004b95043d","course":"cpsc 320","__v":0},{"keywords":[],"answers":[],"rate":0,"_id":"5daf8c910e2c50005cc318e0","title":"sggsgs","question":"For each of the following impulse responses, determine the Laplace transform as well as the region of convergence, if the system is causal, anti-causal or non-causal, and if it is BIBO stable or not. Use s to represent σ. h0(t)=9e−9tu(t)+12e3tu(t), h1(t)=−6e−6tu(−t)−19e7tu(−t), h2(t)=17e−3tu(t)−17e9tu(−t)","date":"2019-10-22T23:11:13.506Z","owner":"5dae5f05c25333004b95043d","course":"elec 221","__v":0},{"keywords":[],"answers":[],"rate":0,"_id":"5daf8d120e2c50005cc318e1","title":"sggsgs","question":"A system is represented by the ordinary differential equation 8d2y(t)dt2+4dy(t)dt+6y(t)=x(t) where x(t) is the input and y(t) is the output. a) Find the transfer function of the system, H(s)=Y(s)X(s).","date":"2019-10-22T23:13:22.178Z","owner":"5dae5f05c25333004b95043d","course":"elec221","__v":0}],"level":"info","service":"user-service"}
{"message":{"facebook":{"id":"1034481510224583","email":"soroushamirizadeh@gmail.com"},"rating":0,"courses":[],"answers":[],"postedQuestions":[],"groups":[],"_id":"5dae5f05c25333004b95043d","email":"soroushamirizadeh@gmail.com","method":"facebook","userName":"soroushamirizadeh@gmail.com","__v":0},"level":"info","service":"user-service"}
{"message":"error message test","level":"error","service":"user-service"}
{"message":"info message test","level":"info","service":"user-service"}
{"message":"Trying to connect to mongodb database","level":"info","service":"user-service"}
{"service":"user-service","level":"info","message":"Listening on port: "}
{"message":{"course":"Cpsc 320","owner":"5dae5f05c25333004b95043d","question":"Write down all the trivial instances of SMP. We think of an instance as 'trivial' roughly if its solution requires no real reasoning about the problem","title":"sggsgs","topic":"sggshhx"},"level":"info","service":"user-service"}
{"message":{"user":"5dae5f05c25333004b95043d","iat":1573431655,"exp":1573518055},"level":"info","service":"user-service"}
{"message":"------------------------------------------","level":"info","service":"user-service"}
{"message":"Passed JWT Authentication","level":"info","service":"user-service"}
{"message":"User ID: 5dae5f05c25333004b95043d","level":"info","service":"user-service"}
{"message":"User Questions Length: 3","level":"info","service":"user-service"}
{"message":[{"keywords":[],"answers":[],"rate":0,"_id":"5daf8b290e2c50005cc318df","title":"sggsgs","question":"Write down all thetrivialinstances of SMP. We think of an instance as 'trivial' roughly if its solutionrequires no real reasoning about the problem","date":"2019-10-22T23:05:13.959Z","owner":"5dae5f05c25333004b95043d","course":"cpsc 320","__v":0},{"keywords":[],"answers":[],"rate":0,"_id":"5daf8c910e2c50005cc318e0","title":"sggsgs","question":"For each of the following impulse responses, determine the Laplace transform as well as the region of convergence, if the system is causal, anti-causal or non-causal, and if it is BIBO stable or not. Use s to represent σ. h0(t)=9e−9tu(t)+12e3tu(t), h1(t)=−6e−6tu(−t)−19e7tu(−t), h2(t)=17e−3tu(t)−17e9tu(−t)","date":"2019-10-22T23:11:13.506Z","owner":"5dae5f05c25333004b95043d","course":"elec 221","__v":0},{"keywords":[],"answers":[],"rate":0,"_id":"5daf8d120e2c50005cc318e1","title":"sggsgs","question":"A system is represented by the ordinary differential equation 8d2y(t)dt2+4dy(t)dt+6y(t)=x(t) where x(t) is the input and y(t) is the output. a) Find the transfer function of the system, H(s)=Y(s)X(s).","date":"2019-10-22T23:13:22.178Z","owner":"5dae5f05c25333004b95043d","course":"elec221","__v":0}],"level":"info","service":"user-service"}
{"message":{"facebook":{"id":"1034481510224583","email":"soroushamirizadeh@gmail.com"},"rating":0,"courses":[],"answers":[],"postedQuestions":[],"groups":[],"_id":"5dae5f05c25333004b95043d","email":"soroushamirizadeh@gmail.com","method":"facebook","userName":"soroushamirizadeh@gmail.com","__v":0},"level":"info","service":"user-service"}
{"message":"error message test","level":"error","service":"user-service"}
{"message":"info message test","level":"info","service":"user-service"}
{"message":"Trying to connect to mongodb database","level":"info","service":"user-service"}
{"service":"user-service","level":"info","message":"Listening on port: "}
{"message":"error message test","level":"error","service":"user-service"}
{"message":"info message test","level":"info","service":"user-service"}
{"message":"Trying to connect to mongodb database","level":"info","service":"user-service"}
{"service":"user-service","level":"info","message":"Listening on port: "}
{"message":{"course":"Cpsc 320","owner":"5dae5f05c25333004b95043d","question":"Write down all the trivial instances of SMP. We think of an instance as 'trivial' roughly if its solution requires no real reasoning about the problem","title":"sggsgs","topic":"sggshhx"},"level":"info","service":"user-service"}
{"message":{"user":"5dae5f05c25333004b95043d","iat":1573431655,"exp":1573518055},"level":"info","service":"user-service"}
{"message":"------------------------------------------","level":"info","service":"user-service"}
{"message":"Passed JWT Authentication","level":"info","service":"user-service"}
{"message":"User ID: 5dae5f05c25333004b95043d","level":"info","service":"user-service"}
{"message":"User Questions Length: 3","level":"info","service":"user-service"}
{"message":[{"keywords":[],"answers":[],"rate":0,"_id":"5daf8b290e2c50005cc318df","title":"sggsgs","question":"Write down all thetrivialinstances of SMP. We think of an instance as 'trivial' roughly if its solutionrequires no real reasoning about the problem","date":"2019-10-22T23:05:13.959Z","owner":"5dae5f05c25333004b95043d","course":"cpsc 320","__v":0},{"keywords":[],"answers":[],"rate":0,"_id":"5daf8c910e2c50005cc318e0","title":"sggsgs","question":"For each of the following impulse responses, determine the Laplace transform as well as the region of convergence, if the system is causal, anti-causal or non-causal, and if it is BIBO stable or not. Use s to represent σ. h0(t)=9e−9tu(t)+12e3tu(t), h1(t)=−6e−6tu(−t)−19e7tu(−t), h2(t)=17e−3tu(t)−17e9tu(−t)","date":"2019-10-22T23:11:13.506Z","owner":"5dae5f05c25333004b95043d","course":"elec 221","__v":0},{"keywords":[],"answers":[],"rate":0,"_id":"5daf8d120e2c50005cc318e1","title":"sggsgs","question":"A system is represented by the ordinary differential equation 8d2y(t)dt2+4dy(t)dt+6y(t)=x(t) where x(t) is the input and y(t) is the output. a) Find the transfer function of the system, H(s)=Y(s)X(s).","date":"2019-10-22T23:13:22.178Z","owner":"5dae5f05c25333004b95043d","course":"elec221","__v":0}],"level":"info","service":"user-service"}
{"message":{"facebook":{"id":"1034481510224583","email":"soroushamirizadeh@gmail.com"},"rating":0,"courses":[],"answers":[],"postedQuestions":[],"groups":[],"_id":"5dae5f05c25333004b95043d","email":"soroushamirizadeh@gmail.com","method":"facebook","userName":"soroushamirizadeh@gmail.com","__v":0},"level":"info","service":"user-service"}
{"message":"error message test","level":"error","service":"user-service"}
{"message":"info message test","level":"info","service":"user-service"}
{"message":"Trying to connect to mongodb database","level":"info","service":"user-service"}
{"service":"user-service","level":"info","message":"Listening on port: "}
{"message":{"course":"Cpsc 320","owner":"5dae5f05c25333004b95043d","question":"Write down all the trivial instances of SMP. We think of an instance as 'trivial' roughly if its solution requires no real reasoning about the problem","title":"sggsgs","topic":"sggshhx"},"level":"info","service":"user-service"}
{"message":{"user":"5dae5f05c25333004b95043d","iat":1573431655,"exp":1573518055},"level":"info","service":"user-service"}
{"message":"------------------------------------------","level":"info","service":"user-service"}
{"message":"Passed JWT Authentication","level":"info","service":"user-service"}
{"message":"User ID: 5dae5f05c25333004b95043d","level":"info","service":"user-service"}
{"message":"User Questions Length: 3","level":"info","service":"user-service"}
{"message":[{"keywords":[],"answers":[],"rate":0,"_id":"5daf8b290e2c50005cc318df","title":"sggsgs","question":"Write down all thetrivialinstances of SMP. We think of an instance as 'trivial' roughly if its solutionrequires no real reasoning about the problem","date":"2019-10-22T23:05:13.959Z","owner":"5dae5f05c25333004b95043d","course":"cpsc 320","__v":0},{"keywords":[],"answers":[],"rate":0,"_id":"5daf8c910e2c50005cc318e0","title":"sggsgs","question":"For each of the following impulse responses, determine the Laplace transform as well as the region of convergence, if the system is causal, anti-causal or non-causal, and if it is BIBO stable or not. Use s to represent σ. h0(t)=9e−9tu(t)+12e3tu(t), h1(t)=−6e−6tu(−t)−19e7tu(−t), h2(t)=17e−3tu(t)−17e9tu(−t)","date":"2019-10-22T23:11:13.506Z","owner":"5dae5f05c25333004b95043d","course":"elec 221","__v":0},{"keywords":[],"answers":[],"rate":0,"_id":"5daf8d120e2c50005cc318e1","title":"sggsgs","question":"A system is represented by the ordinary differential equation 8d2y(t)dt2+4dy(t)dt+6y(t)=x(t) where x(t) is the input and y(t) is the output. a) Find the transfer function of the system, H(s)=Y(s)X(s).","date":"2019-10-22T23:13:22.178Z","owner":"5dae5f05c25333004b95043d","course":"elec221","__v":0}],"level":"info","service":"user-service"}
{"message":{"facebook":{"id":"1034481510224583","email":"soroushamirizadeh@gmail.com"},"rating":0,"courses":[],"answers":[],"postedQuestions":[],"groups":[],"_id":"5dae5f05c25333004b95043d","email":"soroushamirizadeh@gmail.com","method":"facebook","userName":"soroushamirizadeh@gmail.com","__v":0},"level":"info","service":"user-service"}
{"message":"error message test","level":"error","service":"user-service"}
{"message":"info message test","level":"info","service":"user-service"}
{"message":"Trying to connect to mongodb database","level":"info","service":"user-service"}
{"service":"user-service","level":"info","message":"Listening on port: "}
{"message":{"course":"Cpsc 320","owner":"5dae5f05c25333004b95043d","question":"Write down all the trivial instances of SMP. We think of an instance as 'trivial' roughly if its solution requires no real reasoning about the problem","title":"sggsgs","topic":"sggshhx"},"level":"info","service":"user-service"}
{"message":{"user":"5dae5f05c25333004b95043d","iat":1573431655,"exp":1573518055},"level":"info","service":"user-service"}
{"message":"------------------------------------------","level":"info","service":"user-service"}
{"message":"Passed JWT Authentication","level":"info","service":"user-service"}
{"message":"User ID: 5dae5f05c25333004b95043d","level":"info","service":"user-service"}
{"message":"User Questions Length: 3","level":"info","service":"user-service"}
{"message":{"$__":{"strictMode":true,"selected":{},"getters":{"google":{},"facebook":{"id":"1034481510224583","email":"soroushamirizadeh@gmail.com"}},"_id":"5dae5f05c25333004b95043d","wasPopulated":false,"scope":{"facebook":{"id":"1034481510224583","email":"soroushamirizadeh@gmail.com"},"rating":0,"courses":[],"answers":[],"postedQuestions":[],"groups":[],"_id":"5dae5f05c25333004b95043d","email":"soroushamirizadeh@gmail.com","method":"facebook","userName":"soroushamirizadeh@gmail.com","__v":0},"activePaths":{"paths":{"groups":"init","postedQuestions":"init","answers":"init","courses":"init","rating":"init","email":"init","method":"init","_id":"init","facebook.id":"init","facebook.email":"init","userName":"init","__v":"init"},"states":{"ignore":{},"default":{},"init":{"_id":true,"rating":true,"courses":true,"email":true,"answers":true,"postedQuestions":true,"groups":true,"method":true,"facebook.id":true,"facebook.email":true,"userName":true,"__v":true},"modify":{},"require":{}},"stateNames":["require","modify","init","default","ignore"]},"pathsToScopes":{},"cachedRequired":{},"$setCalled":{},"emitter":{"domain":null,"_events":{},"_eventsCount":0,"_maxListeners":0},"$options":{"skipId":true,"isNew":false,"willInit":true},"nestedPath":"facebook"},"isNew":false,"_doc":{"google":{},"facebook":{"id":"1034481510224583","email":"soroushamirizadeh@gmail.com"},"rating":0,"courses":[],"answers":[],"postedQuestions":[],"groups":[],"_id":"5dae5f05c25333004b95043d","email":"soroushamirizadeh@gmail.com","method":"facebook","userName":"soroushamirizadeh@gmail.com","__v":0},"$locals":{},"$init":true,"questions":[{"prop1":"someprop"},{"prop2":"someprop"},{"prop3":"someprop"}]},"level":"info","service":"user-service"}
{"message":"error message test","level":"error","service":"user-service"}
{"message":"info message test","level":"info","service":"user-service"}
{"message":"Trying to connect to mongodb database","level":"info","service":"user-service"}
{"service":"user-service","level":"info","message":"Listening on port: "}
{"message":{"course":"Cpsc 320","owner":"5dae5f05c25333004b95043d","question":"Write down all the trivial instances of SMP. We think of an instance as 'trivial' roughly if its solution requires no real reasoning about the problem","title":"sggsgs","topic":"sggshhx"},"level":"info","service":"user-service"}
{"message":{"user":"5dae5f05c25333004b95043d","iat":1573431655,"exp":1573518055},"level":"info","service":"user-service"}
{"message":"------------------------------------------","level":"info","service":"user-service"}
{"message":"Passed JWT Authentication","level":"info","service":"user-service"}
{"message":"User ID: 5dae5f05c25333004b95043d","level":"info","service":"user-service"}
{"message":"User Questions Length: 3","level":"info","service":"user-service"}
{"message":"error message test","level":"error","service":"user-service"}
{"message":"info message test","level":"info","service":"user-service"}
{"message":"Trying to connect to mongodb database","level":"info","service":"user-service"}
{"service":"user-service","level":"info","message":"Listening on port: "}
{"message":{"course":"Cpsc 320","owner":"5dae5f05c25333004b95043d","question":"Write down all the trivial instances of SMP. We think of an instance as 'trivial' roughly if its solution requires no real reasoning about the problem","title":"sggsgs","topic":"sggshhx"},"level":"info","service":"user-service"}
{"message":{"user":"5dae5f05c25333004b95043d","iat":1573431655,"exp":1573518055},"level":"info","service":"user-service"}
{"message":"------------------------------------------","level":"info","service":"user-service"}
{"message":"Passed JWT Authentication","level":"info","service":"user-service"}
{"message":"User ID: 5dae5f05c25333004b95043d","level":"info","service":"user-service"}
{"message":"User Questions Length: 3","level":"info","service":"user-service"}
{"message":{"$__":{"strictMode":true,"selected":{},"getters":{"google":{},"facebook":{"id":"1034481510224583","email":"soroushamirizadeh@gmail.com"}},"_id":"5dae5f05c25333004b95043d","wasPopulated":false,"scope":{"facebook":{"id":"1034481510224583","email":"soroushamirizadeh@gmail.com"},"rating":0,"courses":[],"answers":[],"postedQuestions":[],"groups":[],"_id":"5dae5f05c25333004b95043d","email":"soroushamirizadeh@gmail.com","method":"facebook","userName":"soroushamirizadeh@gmail.com","__v":0},"activePaths":{"paths":{"groups":"init","postedQuestions":"init","answers":"init","courses":"init","rating":"init","email":"init","method":"init","_id":"init","facebook.id":"init","facebook.email":"init","userName":"init","__v":"init"},"states":{"ignore":{},"default":{},"init":{"_id":true,"rating":true,"courses":true,"email":true,"answers":true,"postedQuestions":true,"groups":true,"method":true,"facebook.id":true,"facebook.email":true,"userName":true,"__v":true},"modify":{},"require":{}},"stateNames":["require","modify","init","default","ignore"]},"pathsToScopes":{},"cachedRequired":{},"$setCalled":{},"emitter":{"domain":null,"_events":{},"_eventsCount":0,"_maxListeners":0},"$options":{"skipId":true,"isNew":false,"willInit":true},"nestedPath":"facebook"},"isNew":false,"_doc":{"google":{},"facebook":{"id":"1034481510224583","email":"soroushamirizadeh@gmail.com"},"rating":0,"courses":[],"answers":[],"postedQuestions":[],"groups":[],"_id":"5dae5f05c25333004b95043d","email":"soroushamirizadeh@gmail.com","method":"facebook","userName":"soroushamirizadeh@gmail.com","__v":0},"$locals":{},"$init":true,"questions":[{"keywords":[],"answers":[],"rate":0,"_id":"5daf8b290e2c50005cc318df","title":"sggsgs","question":"Write down all thetrivialinstances of SMP. We think of an instance as 'trivial' roughly if its solutionrequires no real reasoning about the problem","date":"2019-10-22T23:05:13.959Z","owner":"5dae5f05c25333004b95043d","course":"cpsc 320","__v":0},{"keywords":[],"answers":[],"rate":0,"_id":"5daf8c910e2c50005cc318e0","title":"sggsgs","question":"For each of the following impulse responses, determine the Laplace transform as well as the region of convergence, if the system is causal, anti-causal or non-causal, and if it is BIBO stable or not. Use s to represent σ. h0(t)=9e−9tu(t)+12e3tu(t), h1(t)=−6e−6tu(−t)−19e7tu(−t), h2(t)=17e−3tu(t)−17e9tu(−t)","date":"2019-10-22T23:11:13.506Z","owner":"5dae5f05c25333004b95043d","course":"elec 221","__v":0},{"keywords":[],"answers":[],"rate":0,"_id":"5daf8d120e2c50005cc318e1","title":"sggsgs","question":"A system is represented by the ordinary differential equation 8d2y(t)dt2+4dy(t)dt+6y(t)=x(t) where x(t) is the input and y(t) is the output. a) Find the transfer function of the system, H(s)=Y(s)X(s).","date":"2019-10-22T23:13:22.178Z","owner":"5dae5f05c25333004b95043d","course":"elec221","__v":0}]},"level":"info","service":"user-service"}
{"message":"error message test","level":"error","service":"user-service"}
{"message":"info message test","level":"info","service":"user-service"}
{"message":"Trying to connect to mongodb database","level":"info","service":"user-service"}
{"service":"user-service","level":"info","message":"Listening on port: "}
{"message":{"course":"Cpsc 320","owner":"5dae5f05c25333004b95043d","question":"Write down all the trivial instances of SMP. We think of an instance as 'trivial' roughly if its solution requires no real reasoning about the problem","title":"sggsgs","topic":"sggshhx"},"level":"info","service":"user-service"}
{"message":{"user":"5dae5f05c25333004b95043d","iat":1573431655,"exp":1573518055},"level":"info","service":"user-service"}
{"message":"------------------------------------------","level":"info","service":"user-service"}
{"message":"Passed JWT Authentication","level":"info","service":"user-service"}
{"message":"User ID: 5dae5f05c25333004b95043d","level":"info","service":"user-service"}
{"message":"User Questions Length: 3","level":"info","service":"user-service"}
{"message":{"facebook":{"id":"1034481510224583","email":"soroushamirizadeh@gmail.com"},"rating":0,"courses":[],"answers":[],"postedQuestions":[],"groups":[],"_id":"5dae5f05c25333004b95043d","email":"soroushamirizadeh@gmail.com","method":"facebook","userName":"soroushamirizadeh@gmail.com","__v":0,"questions":[{"keywords":[],"answers":[],"rate":0,"_id":"5daf8b290e2c50005cc318df","title":"sggsgs","question":"Write down all thetrivialinstances of SMP. We think of an instance as 'trivial' roughly if its solutionrequires no real reasoning about the problem","date":"2019-10-22T23:05:13.959Z","owner":"5dae5f05c25333004b95043d","course":"cpsc 320","__v":0},{"keywords":[],"answers":[],"rate":0,"_id":"5daf8c910e2c50005cc318e0","title":"sggsgs","question":"For each of the following impulse responses, determine the Laplace transform as well as the region of convergence, if the system is causal, anti-causal or non-causal, and if it is BIBO stable or not. Use s to represent σ. h0(t)=9e−9tu(t)+12e3tu(t), h1(t)=−6e−6tu(−t)−19e7tu(−t), h2(t)=17e−3tu(t)−17e9tu(−t)","date":"2019-10-22T23:11:13.506Z","owner":"5dae5f05c25333004b95043d","course":"elec 221","__v":0},{"keywords":[],"answers":[],"rate":0,"_id":"5daf8d120e2c50005cc318e1","title":"sggsgs","question":"A system is represented by the ordinary differential equation 8d2y(t)dt2+4dy(t)dt+6y(t)=x(t) where x(t) is the input and y(t) is the output. a) Find the transfer function of the system, H(s)=Y(s)X(s).","date":"2019-10-22T23:13:22.178Z","owner":"5dae5f05c25333004b95043d","course":"elec221","__v":0}]},"level":"info","service":"user-service"}
{"message":{"course":"Cpsc 320","owner":"5dae5f05c25333004b95043d","question":"Write down all the trivial instances of SMP. We think of an instance as 'trivial' roughly if its solution requires no real reasoning about the problem","title":"sggsgs","topic":"sggshhx"},"level":"info","service":"user-service"}
{"message":{"user":"5dae5f05c25333004b95043d","iat":1573431655,"exp":1573518055},"level":"info","service":"user-service"}
{"message":"------------------------------------------","level":"info","service":"user-service"}
{"message":"Passed JWT Authentication","level":"info","service":"user-service"}
{"message":"User ID: 5dae5f05c25333004b95043d","level":"info","service":"user-service"}
{"message":"User Questions Length: 3","level":"info","service":"user-service"}
{"message":{"facebook":{"id":"1034481510224583","email":"soroushamirizadeh@gmail.com"},"rating":0,"courses":[],"answers":[],"postedQuestions":[],"groups":[],"_id":"5dae5f05c25333004b95043d","email":"soroushamirizadeh@gmail.com","method":"facebook","userName":"soroushamirizadeh@gmail.com","__v":0,"questions":[{"keywords":[],"answers":[],"rate":0,"_id":"5daf8b290e2c50005cc318df","title":"sggsgs","question":"Write down all thetrivialinstances of SMP. We think of an instance as 'trivial' roughly if its solutionrequires no real reasoning about the problem","date":"2019-10-22T23:05:13.959Z","owner":"5dae5f05c25333004b95043d","course":"cpsc 320","__v":0},{"keywords":[],"answers":[],"rate":0,"_id":"5daf8c910e2c50005cc318e0","title":"sggsgs","question":"For each of the following impulse responses, determine the Laplace transform as well as the region of convergence, if the system is causal, anti-causal or non-causal, and if it is BIBO stable or not. Use s to represent σ. h0(t)=9e−9tu(t)+12e3tu(t), h1(t)=−6e−6tu(−t)−19e7tu(−t), h2(t)=17e−3tu(t)−17e9tu(−t)","date":"2019-10-22T23:11:13.506Z","owner":"5dae5f05c25333004b95043d","course":"elec 221","__v":0},{"keywords":[],"answers":[],"rate":0,"_id":"5daf8d120e2c50005cc318e1","title":"sggsgs","question":"A system is represented by the ordinary differential equation 8d2y(t)dt2+4dy(t)dt+6y(t)=x(t) where x(t) is the input and y(t) is the output. a) Find the transfer function of the system, H(s)=Y(s)X(s).","date":"2019-10-22T23:13:22.178Z","owner":"5dae5f05c25333004b95043d","course":"elec221","__v":0}]},"level":"info","service":"user-service"}
